2024-03-11 23:48:18,629 - ERROR - Error for the data variable :- HI I AM DATA ANALYST.
HJHD
SJ
DGJ
SAHDU
2024-03-11 23:48:18,631 - ERROR - Error for the data variable :- HI I AM DATA ANALYST.
HJHD
SJ
DGJ
SAHDU
2024-03-11 23:48:18,632 - ERROR - Error for the data variable :- HI I AM DATA ANALYST.
HJHD
SJ
DGJ
SAHDU
2024-03-11 23:48:19,134 - ERROR - Error for the data variable :- HI I AM DATA ANALYST.HJHD
JDGJ
SAHDUA
KSHA
TSLIU7Y7
2024-03-11 23:48:19,134 - ERROR - Error for the data variable :- HI I AM DATA ANALYST.HJHD
JDGJ
SAHDUA
KSHA
TSLIU7Y7
2024-03-11 23:48:19,135 - ERROR - Error for the data variable :- HI I AM DATA ANALYST.HJHD
JDGJ
SAHDUA
KSHA
TSLIU7Y7
2024-03-11 23:48:19,637 - ERROR - Error for the data variable :- HI I AM DATA ANALYST.
HJHD
SJDGJ
SAHDUK
JBSDJ
JHSGBH
2024-03-11 23:48:19,638 - ERROR - Error for the data variable :- HI I AM DATA ANALYST.
HJHD
SJDGJ
SAHDUK
JBSDJ
JHSGBH
2024-03-11 23:48:19,639 - ERROR - Error for the data variable :- HI I AM DATA ANALYST.
HJHD
SJDGJ
SAHDUK
JBSDJ
JHSGBH
